<html>
<head>
<title>TestNG:  Functional Tests</title>
<link href="../testng.css" rel="stylesheet" type="text/css" />
<link href="../my-testng.css" rel="stylesheet" type="text/css" />

<style type="text/css">
.log { display: none;} 
.stack-trace { display: none;} 
</style>
<script type="text/javascript">
<!--
function flip(e) {
  current = e.style.display;
  if (current == 'block') {
    e.style.display = 'none';
    return 0;
  }
  else {
    e.style.display = 'block';
    return 1;
  }
}

function toggleBox(szDivId, elem, msg1, msg2)
{
  var res = -1;  if (document.getElementById) {
    res = flip(document.getElementById(szDivId));
  }
  else if (document.all) {
    // this is the way old msie versions work
    res = flip(document.all[szDivId]);
  }
  if(elem) {
    if(res == 0) elem.innerHTML = msg1; else elem.innerHTML = msg2;
  }

}

function toggleAllBoxes() {
  if (document.getElementsByTagName) {
    d = document.getElementsByTagName('div');
    for (i = 0; i < d.length; i++) {
      if (d[i].className == 'log') {
        flip(d[i]);
      }
    }
  }
}

// -->
</script>

</head>
<body>
<h2 align='center'>Functional Tests</h2><table border='1' align="center">
<tr>
<td>Tests passed/Failed/Skipped:</td><td>8/2/0</td>
</tr><tr>
<td>Started on:</td><td>Sat Dec 14 02:56:12 IST 2024</td>
</tr>
<tr><td>Total time:</td><td>47 seconds (47787 ms)</td>
</tr><tr>
<td>Included groups:</td><td></td>
</tr><tr>
<td>Excluded groups:</td><td></td>
</tr>
</table><p/>
<small><i>(Hover the method name to see the test class name)</i></small><p/>
<table width='100%' border='1' class='invocation-failed'>
<tr><td colspan='4' align='center'><b>FAILED TESTS</b></td></tr>
<tr><td><b>Test method</b></td>
<td><b>Attribute(s)</b></td>
<td width="30%"><b>Exception</b></td>
<td width="10%"><b>Time (seconds)</b></td>
<td><b>Instance</b></td>
</tr>
<tr>
<td title='com.jobbox.NavigationTest.testNavigationMenuItemsTwo()'><b>testNavigationMenuItemsTwo</b><br>Test class: com.jobbox.NavigationTest</td>
<td><div><pre>java.lang.AssertionError: Navigation item &apos;navitem&apos; not found expected [true] but found [false]
	at com.jobbox.NavigationTest.lambda$testNavigationMenuItemsTwo$6(NavigationTest.java:148)
	at java.base/java.lang.Iterable.forEach(Iterable.java:75)
	at com.jobbox.NavigationTest.testNavigationMenuItemsTwo(NavigationTest.java:148)
	at java.base/java.util.ArrayList.forEach(ArrayList.java:1511)
	at java.base/java.util.concurrent.FutureTask.run(FutureTask.java:264)
	at java.base/java.util.concurrent.ThreadPoolExecutor.runWorker(ThreadPoolExecutor.java:1136)
	at java.base/java.util.concurrent.ThreadPoolExecutor$Worker.run(ThreadPoolExecutor.java:635)
	at java.base/java.lang.Thread.run(Thread.java:840)
... Removed 20 stack frames</pre></div><a href='#' onClick='toggleBox("stack-trace778735518", this, "Click to show all stack frames", "Click to hide stack frames")'>Click to show all stack frames</a>
<div class='stack-trace' id='stack-trace778735518'><pre>java.lang.AssertionError: Navigation item &apos;navitem&apos; not found expected [true] but found [false]
	at org.testng.Assert.fail(Assert.java:111)
	at org.testng.Assert.failNotEquals(Assert.java:1578)
	at org.testng.Assert.assertTrue(Assert.java:57)
	at com.jobbox.NavigationTest.lambda$testNavigationMenuItemsTwo$6(NavigationTest.java:148)
	at java.base/java.lang.Iterable.forEach(Iterable.java:75)
	at com.jobbox.NavigationTest.testNavigationMenuItemsTwo(NavigationTest.java:148)
	at java.base/jdk.internal.reflect.NativeMethodAccessorImpl.invoke0(Native Method)
	at java.base/jdk.internal.reflect.NativeMethodAccessorImpl.invoke(NativeMethodAccessorImpl.java:77)
	at java.base/jdk.internal.reflect.DelegatingMethodAccessorImpl.invoke(DelegatingMethodAccessorImpl.java:43)
	at java.base/java.lang.reflect.Method.invoke(Method.java:568)
	at org.testng.internal.invokers.MethodInvocationHelper.invokeMethod(MethodInvocationHelper.java:139)
	at org.testng.internal.invokers.TestInvoker.invokeMethod(TestInvoker.java:664)
	at org.testng.internal.invokers.TestInvoker.invokeTestMethod(TestInvoker.java:227)
	at org.testng.internal.invokers.MethodRunner.runInSequence(MethodRunner.java:50)
	at org.testng.internal.invokers.TestInvoker$MethodInvocationAgent.invoke(TestInvoker.java:957)
	at org.testng.internal.invokers.TestInvoker.invokeTestMethods(TestInvoker.java:200)
	at org.testng.internal.invokers.TestMethodWorker.invokeTestMethods(TestMethodWorker.java:148)
	at org.testng.internal.invokers.TestMethodWorker.run(TestMethodWorker.java:128)
	at java.base/java.util.ArrayList.forEach(ArrayList.java:1511)
	at org.testng.TestRunner.privateRun(TestRunner.java:848)
	at org.testng.TestRunner.run(TestRunner.java:621)
	at org.testng.SuiteRunner.runTest(SuiteRunner.java:443)
	at org.testng.SuiteRunner$SuiteWorker.run(SuiteRunner.java:481)
	at org.testng.internal.thread.ThreadUtil.lambda$execute$0(ThreadUtil.java:58)
	at java.base/java.util.concurrent.FutureTask.run(FutureTask.java:264)
	at java.base/java.util.concurrent.ThreadPoolExecutor.runWorker(ThreadPoolExecutor.java:1136)
	at java.base/java.util.concurrent.ThreadPoolExecutor$Worker.run(ThreadPoolExecutor.java:635)
	at java.base/java.lang.Thread.run(Thread.java:840)
</pre></div></td>
<td>2</td>
<td>com.jobbox.NavigationTest@14dd9eb7</td></tr>
<tr>
<td title='com.jobbox.DropdownTest.testDropdownMenuOnClick()'><b>testDropdownMenuOnClick</b><br>Test class: com.jobbox.DropdownTest</td>
<td><div><pre>java.lang.AssertionError: Navigation failed for dropdown item: Employer did not expect [https://jobbox-gules.vercel.app/] but found [https://jobbox-gules.vercel.app/]
	at com.jobbox.DropdownTest.testDropdownMenuOnClick(DropdownTest.java:72)
	at java.base/java.util.ArrayList.forEach(ArrayList.java:1511)
	at java.base/java.util.concurrent.FutureTask.run(FutureTask.java:264)
	at java.base/java.util.concurrent.ThreadPoolExecutor.runWorker(ThreadPoolExecutor.java:1136)
	at java.base/java.util.concurrent.ThreadPoolExecutor$Worker.run(ThreadPoolExecutor.java:635)
	at java.base/java.lang.Thread.run(Thread.java:840)
... Removed 21 stack frames</pre></div><a href='#' onClick='toggleBox("stack-trace855963358", this, "Click to show all stack frames", "Click to hide stack frames")'>Click to show all stack frames</a>
<div class='stack-trace' id='stack-trace855963358'><pre>java.lang.AssertionError: Navigation failed for dropdown item: Employer did not expect [https://jobbox-gules.vercel.app/] but found [https://jobbox-gules.vercel.app/]
	at org.testng.Assert.fail(Assert.java:111)
	at org.testng.Assert.failEquals(Assert.java:1582)
	at org.testng.Assert.assertNotEqualsImpl(Assert.java:157)
	at org.testng.Assert.assertNotEquals(Assert.java:2198)
	at com.jobbox.DropdownTest.testDropdownMenuOnClick(DropdownTest.java:72)
	at java.base/jdk.internal.reflect.NativeMethodAccessorImpl.invoke0(Native Method)
	at java.base/jdk.internal.reflect.NativeMethodAccessorImpl.invoke(NativeMethodAccessorImpl.java:77)
	at java.base/jdk.internal.reflect.DelegatingMethodAccessorImpl.invoke(DelegatingMethodAccessorImpl.java:43)
	at java.base/java.lang.reflect.Method.invoke(Method.java:568)
	at org.testng.internal.invokers.MethodInvocationHelper.invokeMethod(MethodInvocationHelper.java:139)
	at org.testng.internal.invokers.TestInvoker.invokeMethod(TestInvoker.java:664)
	at org.testng.internal.invokers.TestInvoker.invokeTestMethod(TestInvoker.java:227)
	at org.testng.internal.invokers.MethodRunner.runInSequence(MethodRunner.java:50)
	at org.testng.internal.invokers.TestInvoker$MethodInvocationAgent.invoke(TestInvoker.java:957)
	at org.testng.internal.invokers.TestInvoker.invokeTestMethods(TestInvoker.java:200)
	at org.testng.internal.invokers.TestMethodWorker.invokeTestMethods(TestMethodWorker.java:148)
	at org.testng.internal.invokers.TestMethodWorker.run(TestMethodWorker.java:128)
	at java.base/java.util.ArrayList.forEach(ArrayList.java:1511)
	at org.testng.TestRunner.privateRun(TestRunner.java:848)
	at org.testng.TestRunner.run(TestRunner.java:621)
	at org.testng.SuiteRunner.runTest(SuiteRunner.java:443)
	at org.testng.SuiteRunner$SuiteWorker.run(SuiteRunner.java:481)
	at org.testng.internal.thread.ThreadUtil.lambda$execute$0(ThreadUtil.java:58)
	at java.base/java.util.concurrent.FutureTask.run(FutureTask.java:264)
	at java.base/java.util.concurrent.ThreadPoolExecutor.runWorker(ThreadPoolExecutor.java:1136)
	at java.base/java.util.concurrent.ThreadPoolExecutor$Worker.run(ThreadPoolExecutor.java:635)
	at java.base/java.lang.Thread.run(Thread.java:840)
</pre></div></td>
<td>3</td>
<td>com.jobbox.DropdownTest@6c80d78a</td></tr>
</table><p>
<table width='100%' border='1' class='invocation-passed'>
<tr><td colspan='4' align='center'><b>PASSED TESTS</b></td></tr>
<tr><td><b>Test method</b></td>
<td><b>Attribute(s)</b></td>
<td width="30%"><b>Exception</b></td>
<td width="10%"><b>Time (seconds)</b></td>
<td><b>Instance</b></td>
</tr>
<tr>
<td title='com.jobbox.NavigationTest.testNavigationMenuItems()'><b>testNavigationMenuItems</b><br>Test class: com.jobbox.NavigationTest</td>
<td></td>
<td>2</td>
<td>com.jobbox.NavigationTest@14dd9eb7</td></tr>
<tr>
<td title='com.jobbox.LoginTest.aatestLoginFromHomePage()'><b>aatestLoginFromHomePage</b><br>Test class: com.jobbox.LoginTest</td>
<td></td>
<td>4</td>
<td>com.jobbox.LoginTest@52e6fdee</td></tr>
<tr>
<td title='com.jobbox.NavigationTest.testNavigationItemClickability()'><b>testNavigationItemClickability</b><br>Test class: com.jobbox.NavigationTest</td>
<td></td>
<td>7</td>
<td>com.jobbox.NavigationTest@14dd9eb7</td></tr>
<tr>
<td title='com.jobbox.LoginTest.atestInvalidoneLoginFromHomePage()'><b>atestInvalidoneLoginFromHomePage</b><br>Test class: com.jobbox.LoginTest</td>
<td></td>
<td>4</td>
<td>com.jobbox.LoginTest@52e6fdee</td></tr>
<tr>
<td title='com.jobbox.LoginTest.btestInvalidtwoLoginFromHomePage()'><b>btestInvalidtwoLoginFromHomePage</b><br>Test class: com.jobbox.LoginTest</td>
<td></td>
<td>4</td>
<td>com.jobbox.LoginTest@52e6fdee</td></tr>
<tr>
<td title='com.jobbox.AppTest.testWebsiteLoading()'><b>testWebsiteLoading</b><br>Test class: com.jobbox.AppTest</td>
<td></td>
<td>1</td>
<td>com.jobbox.AppTest@41fbdac4</td></tr>
<tr>
<td title='com.jobbox.AppTest.testWebsiteAccessibility()'><b>testWebsiteAccessibility</b><br>Test class: com.jobbox.AppTest</td>
<td></td>
<td>1</td>
<td>com.jobbox.AppTest@41fbdac4</td></tr>
<tr>
<td title='com.jobbox.LoginTest.ctestInvalidLoginFromHomePage()'><b>ctestInvalidLoginFromHomePage</b><br>Test class: com.jobbox.LoginTest</td>
<td></td>
<td>5</td>
<td>com.jobbox.LoginTest@52e6fdee</td></tr>
</table><p>
</body>
</html>