<?xml version="1.0" encoding="UTF-8"?>
<!-- Generated by org.testng.reporters.JUnitXMLReporter -->
<testsuite ignored="0" hostname="RIPUN_NOOB-Dev" failures="1" tests="3" name="Surefire test" time="23.158" errors="0" timestamp="2024-12-14T03:45:41 IST">
  <testcase classname="com.jobbox.DropdownTest" name="atestDropdownMenuVisibility" time="4.433"/>
  <testcase classname="com.jobbox.DropdownTest" name="btestDropdownMenuItems" time="6.223"/>
  <testcase classname="com.jobbox.DropdownTest" name="ctestDropdownMenuItemClickability" time="8.841">
    <failure type="java.lang.AssertionError" message="Failed to navigate with dropdown item: Courses">
      <![CDATA[java.lang.AssertionError: Failed to navigate with dropdown item: Courses
at com.jobbox.DropdownTest.ctestDropdownMenuItemClickability(DropdownTest.java:161)
at java.base/java.util.ArrayList.forEach(ArrayList.java:1511)
Caused by: org.openqa.selenium.StaleElementReferenceException: stale element reference: stale element not found
  (Session info: chrome=125.0.6422.113)
For documentation on this error, please visit: https://www.selenium.dev/documentation/webdriver/troubleshooting/errors#stale-element-reference-exception
Build info: version: '4.15.0', revision: '1d14b5521b'
System info: os.name: 'Windows 11', os.arch: 'amd64', os.version: '10.0', java.version: '17.0.11'
Driver info: org.openqa.selenium.chrome.ChromeDriver
Command: [33ecc9c32b12f68200bbdfe54eef731d, clickElement {id=f.0AA8081E323FB6A2675AF11EEF532CF7.d.1E1169E446B0F0BF272B42B73A453EA4.e.6}]
Capabilities {acceptInsecureCerts: false, browserName: chrome, browserVersion: 125.0.6422.113, chrome: {chromedriverVersion: 125.0.6422.141 (4b1e8393712..., userDataDir: C:\Users\wwwri\AppData\Loca...}, fedcm:accounts: true, goog:chromeOptions: {debuggerAddress: localhost:56612}, networkConnectionEnabled: false, pageLoadStrategy: normal, platformName: windows, proxy: Proxy(), se:cdp: ws://localhost:56612/devtoo..., se:cdpVersion: 125.0.6422.113, setWindowRect: true, strictFileInteractability: false, timeouts: {implicit: 0, pageLoad: 300000, script: 30000}, unhandledPromptBehavior: dismiss and notify, webauthn:extension:credBlob: true, webauthn:extension:largeBlob: true, webauthn:extension:minPinLength: true, webauthn:extension:prf: true, webauthn:virtualAuthenticators: true}
Element: [[ChromeDriver: chrome on windows (33ecc9c32b12f68200bbdfe54eef731d)] -> css selector: .relative.group > button]
Session ID: 33ecc9c32b12f68200bbdfe54eef731d
at org.openqa.selenium.remote.codec.w3c.W3CHttpResponseCodec.createException(W3CHttpResponseCodec.java:200)
at org.openqa.selenium.remote.codec.w3c.W3CHttpResponseCodec.decode(W3CHttpResponseCodec.java:133)
at org.openqa.selenium.remote.codec.w3c.W3CHttpResponseCodec.decode(W3CHttpResponseCodec.java:52)
at org.openqa.selenium.remote.HttpCommandExecutor.execute(HttpCommandExecutor.java:191)
at org.openqa.selenium.remote.service.DriverCommandExecutor.invokeExecute(DriverCommandExecutor.java:200)
at org.openqa.selenium.remote.service.DriverCommandExecutor.execute(DriverCommandExecutor.java:175)
at org.openqa.selenium.remote.RemoteWebDriver.execute(RemoteWebDriver.java:607)
at org.openqa.selenium.remote.RemoteWebElement.execute(RemoteWebElement.java:224)
at org.openqa.selenium.remote.RemoteWebElement.click(RemoteWebElement.java:77)
at com.jobbox.DropdownTest.ctestDropdownMenuItemClickability(DropdownTest.java:124)
... 33 more
... Removed 38 stack frames]]>
    </failure>
  </testcase> <!-- ctestDropdownMenuItemClickability -->
</testsuite> <!-- Surefire test -->
